0 info it worked if it ends with ok
1 verbose cli [ 'C:\\Program Files\\nodejs\\\\node.exe',
1 verbose cli   'C:\\Program Files\\nodejs\\node_modules\\npm\\bin\\npm-cli.js',
1 verbose cli   'install',
1 verbose cli   'MongoDB.Driver' ]
2 info using npm@1.3.24
3 info using node@v0.10.25
4 verbose node symlink C:\Program Files\nodejs\\node.exe
5 verbose cache add [ 'MongoDB.Driver', null ]
6 verbose cache add name=undefined spec="MongoDB.Driver" args=["MongoDB.Driver",null]
7 verbose parsed url { protocol: null,
7 verbose parsed url   slashes: null,
7 verbose parsed url   auth: null,
7 verbose parsed url   host: null,
7 verbose parsed url   port: null,
7 verbose parsed url   hostname: null,
7 verbose parsed url   hash: null,
7 verbose parsed url   search: null,
7 verbose parsed url   query: null,
7 verbose parsed url   pathname: 'MongoDB.Driver',
7 verbose parsed url   path: 'MongoDB.Driver',
7 verbose parsed url   href: 'MongoDB.Driver' }
8 silly lockFile 409b039a-MongoDB-Driver MongoDB.Driver
9 verbose lock MongoDB.Driver C:\Users\Dan\AppData\Roaming\npm-cache\409b039a-MongoDB-Driver.lock
10 silly lockFile 409b039a-MongoDB-Driver MongoDB.Driver
11 silly lockFile 409b039a-MongoDB-Driver MongoDB.Driver
12 verbose addNamed [ 'MongoDB.Driver', '' ]
13 verbose addNamed [ null, '*' ]
14 silly lockFile 024a49a1-MongoDB-Driver MongoDB.Driver@
15 verbose lock MongoDB.Driver@ C:\Users\Dan\AppData\Roaming\npm-cache\024a49a1-MongoDB-Driver.lock
16 silly addNameRange { name: 'MongoDB.Driver', range: '*', hasData: false }
17 verbose url raw MongoDB.Driver
18 verbose url resolving [ 'https://registry.npmjs.org/', './MongoDB.Driver' ]
19 verbose url resolved https://registry.npmjs.org/MongoDB.Driver
20 info trying registry request attempt 1 at 00:41:09
21 http GET https://registry.npmjs.org/MongoDB.Driver
22 http 404 https://registry.npmjs.org/MongoDB.Driver
23 silly registry.get cb [ 404,
23 silly registry.get   { 'content-type': 'application/json',
23 silly registry.get     'cache-control': 'max-age=0',
23 silly registry.get     'content-length': '2',
23 silly registry.get     'accept-ranges': 'bytes',
23 silly registry.get     date: 'Sat, 14 Nov 2015 23:41:17 GMT',
23 silly registry.get     via: '1.1 varnish',
23 silly registry.get     age: '0',
23 silly registry.get     connection: 'keep-alive',
23 silly registry.get     'x-served-by': 'cache-fra1235-FRA',
23 silly registry.get     'x-cache': 'MISS',
23 silly registry.get     'x-cache-hits': '0',
23 silly registry.get     'x-timer': 'S1447544476.954812,VS0,VE153' } ]
24 silly addNameRange number 2 { name: 'MongoDB.Driver', range: '*', hasData: true }
25 silly addNameRange versions [ undefined, [] ]
26 error TypeError: Cannot read property 'latest' of undefined
26 error     at next (C:\Program Files\nodejs\node_modules\npm\lib\cache.js:692:35)
26 error     at C:\Program Files\nodejs\node_modules\npm\lib\cache.js:680:5
26 error     at saved (C:\Program Files\nodejs\node_modules\npm\node_modules\npm-registry-client\lib\get.js:142:7)
26 error     at C:\Program Files\nodejs\node_modules\npm\node_modules\graceful-fs\polyfills.js:133:7
26 error     at Object.oncomplete (fs.js:107:15)
27 error If you need help, you may report this *entire* log,
27 error including the npm and node versions, at:
27 error     <http://github.com/isaacs/npm/issues>
28 error System Windows_NT 6.1.7601
29 error command "C:\\Program Files\\nodejs\\\\node.exe" "C:\\Program Files\\nodejs\\node_modules\\npm\\bin\\npm-cli.js" "install" "MongoDB.Driver"
30 error cwd C:\WebSPA.QuickStart\WebSPA.QuickStart
31 error node -v v0.10.25
32 error npm -v 1.3.24
33 error type non_object_property_load
34 verbose exit [ 1, true ]
